Date - Tue, 17 Dec 2024 17:44:28 GMT | Method - GET | URL - /forbidden | Status - 403
Date - Tue, 17 Dec 2024 17:44:42 GMT | Method - GET | URL - /forbidden | Status - 403
Date - Tue, 17 Dec 2024 17:44:42 GMT | Method - GET | URL - /forbidden | Status - 403
Date - Tue, 17 Dec 2024 17:45:22 GMT | Method - GET | URL - /forbidden | Status - 403
Date - Tue, 17 Dec 2024 17:45:22 GMT | Method - GET | URL - /forbidden | Status - 403
Date - Tue, 17 Dec 2024 17:45:22 GMT | Method - GET | URL - /forbidden | Status - 403
Date - Tue, 17 Dec 2024 17:52:37 GMT | Method - GET | URL - /forbidden | Status - 403
Date - Tue, 17 Dec 2024 17:52:38 GMT | Method - GET | URL - /forbidden | Status - 403
Date - Tue, 17 Dec 2024 17:53:46 GMT | Method - GET | URL - /forbidden | Status - 403
Date - Tue, 17 Dec 2024 17:53:46 GMT | Method - GET | URL - /forbidden | Status - 403
Date - Tue, 17 Dec 2024 17:53:50 GMT | Method - GET | URL - / | Status - 200
Date - Tue, 17 Dec 2024 17:53:50 GMT | Method - GET | URL - /stylesheets/style.css | Status - 404
Date - Tue, 17 Dec 2024 17:55:24 GMT | Method - GET | URL - / | Status - 304
Date - Tue, 17 Dec 2024 17:58:03 GMT | Method - GET | URL - / | Status - 304
Date - Tue, 17 Dec 2024 17:58:50 GMT | Method - GET | URL - /ghs | Status - 404
Date - Tue, 17 Dec 2024 18:00:07 GMT | Method - GET | URL - / | Status - 304
Date - Tue, 17 Dec 2024 18:00:10 GMT | Method - GET | URL - / | Status - 304
Date - Tue, 17 Dec 2024 18:00:11 GMT | Method - GET | URL - / | Status - 304
Date - Mon, 06 Jan 2025 19:51:22 GMT | Method - GET | URL - / | Status - 200
Date - Mon, 06 Jan 2025 19:51:22 GMT | Method - GET | URL - /favicon.ico | Status - 404
Date - Mon, 06 Jan 2025 19:52:09 GMT | Method - GET | URL - / | Status - 200
Date - Wed, 08 Jan 2025 21:47:14 GMT | Method - GET | URL - / | Status - 200
Date - Wed, 08 Jan 2025 21:48:33 GMT | Method - GET | URL - /test | Status - 200
Date - Wed, 08 Jan 2025 21:50:42 GMT | Method - GET | URL - /test | Status - 200
Date - Wed, 08 Jan 2025 21:50:43 GMT | Method - GET | URL - /test | Status - 200
Date - Wed, 08 Jan 2025 21:50:55 GMT | Method - GET | URL - /test | Status - 404
Date - Thu, 09 Jan 2025 15:25:29 GMT | Method - GET | URL - /test | Status - 404
Date - Thu, 09 Jan 2025 15:25:33 GMT | Method - GET | URL - /test | Status - 404
Date - Thu, 09 Jan 2025 15:25:35 GMT | Method - GET | URL - /test | Status - 404
Date - Thu, 09 Jan 2025 16:03:59 GMT | Method - GET | URL - /34 | Status - 404
Date - Thu, 09 Jan 2025 16:04:05 GMT | Method - GET | URL - /vfd | Status - 404
Date - Thu, 09 Jan 2025 16:04:27 GMT | Method - GET | URL - /vfd | Status - 404
Date - Thu, 09 Jan 2025 17:03:21 GMT | Method - GET | URL - /vfd | Status - 404
Date - Thu, 09 Jan 2025 17:06:18 GMT | Method - GET | URL - /hobby/sleeping | Status - 404
Date - Thu, 09 Jan 2025 17:07:10 GMT | Method - GET | URL - /forbidden | Status - 403
